<?xml version="1.0" encoding="UTF-8" ?>
<testsuite tests="4" failures="1" name="serviciosCalculadora.calculadoraServTest" time="0.02" errors="0" skipped="0">
  <properties>
[...]
</properties>
  <testcase classname="serviciosCalculadora.calculadoraServTest" name="serviciosCalculadora.calculadoraServTest.testResta" time="0.005"/>
  <testcase classname="serviciosCalculadora.calculadoraServTest" name="serviciosCalculadora.calculadoraServTest.testMulti" time="0"/>
  <testcase classname="serviciosCalculadora.calculadoraServTest" name="serviciosCalculadora.calculadoraServTest.testSuma" time="0"/>
  <testcase classname="serviciosCalculadora.calculadoraServTest" name="serviciosCalculadora.calculadoraServTest.testDiv" time="0.015">
    <failure message="expected: &lt;1.0&gt; but was: &lt;2.0&gt;" type="org.opentest4j.AssertionFailedError">org.opentest4j.AssertionFailedError: expected: &lt;1.0&gt; but was: &lt;2.0&gt;
	at org.junit.jupiter.api.AssertionUtils.fail(AssertionUtils.java:55)
	at org.junit.jupiter.api.AssertionUtils.failNotEqual(AssertionUtils.java:62)
	at org.junit.jupiter.api.AssertEquals.assertEquals(AssertEquals.java:86)
	at org.junit.jupiter.api.AssertEquals.assertEquals(AssertEquals.java:81)
	at org.junit.jupiter.api.Assertions.assertEquals(Assertions.java:993)
	at serviciosCalculadora.calculadoraServTest.testDiv(calculadoraServTest.java:82)
</failure>
    <system-out>div
</system-out>
  </testcase>
</testsuite>