<?xml version="1.0" encoding="UTF-8"?>
<testsuite xmlns:xsi="http://www.w3.org/2001/XMLSchema-instance" xsi:noNamespaceSchemaLocation="https://maven.apache.org/surefire/maven-surefire-plugin/xsd/surefire-test-report-3.0.xsd" version="3.0" name="serviciosCalculadora.calculadoraServTest" time="0.078" tests="4" errors="0" skipped="0" failures="0">
  <properties>
[...]
</properties>
  <testcase name="testDiv" classname="serviciosCalculadora.calculadoraServTest" time="0.031">
    <system-out><![CDATA[div
]]></system-out>
  </testcase>
  <testcase name="testMulti" classname="serviciosCalculadora.calculadoraServTest" time="0.002">
    <system-out><![CDATA[multi
]]></system-out>
  </testcase>
  <testcase name="testResta" classname="serviciosCalculadora.calculadoraServTest" time="0.001">
    <system-out><![CDATA[resta
]]></system-out>
  </testcase>
  <testcase name="testSuma" classname="serviciosCalculadora.calculadoraServTest" time="0.001">
    <system-out><![CDATA[suma
]]></system-out>
  </testcase>
</testsuite>